2024-04-26 13:48:27 0 [Note] Starting MariaDB 10.4.32-MariaDB source revision c4143f909528e3fab0677a28631d10389354c491 as process 54492
2024-04-26 13:48:27 0 [Note] InnoDB: Mutexes and rw_locks use Windows interlocked functions
2024-04-26 13:48:27 0 [Note] InnoDB: Uses event mutexes
2024-04-26 13:48:27 0 [Note] InnoDB: Compressed tables use zlib 1.3
2024-04-26 13:48:27 0 [Note] InnoDB: Number of pools: 1
2024-04-26 13:48:27 0 [Note] InnoDB: Using SSE2 crc32 instructions
2024-04-26 13:48:27 0 [Note] InnoDB: Initializing buffer pool, total size = 16M, instances = 1, chunk size = 16M
2024-04-26 13:48:27 0 [Note] InnoDB: Completed initialization of buffer pool
2024-04-26 13:48:27 0 [Note] InnoDB: Starting crash recovery from checkpoint LSN=300288
2024-04-26 13:48:28 0 [Note] InnoDB: 128 out of 128 rollback segments are active.
2024-04-26 13:48:28 0 [Note] InnoDB: Removed temporary tablespace data file: "ibtmp1"
2024-04-26 13:48:28 0 [Note] InnoDB: Creating shared tablespace for temporary tables
2024-04-26 13:48:28 0 [Note] InnoDB: Setting file 'C:\xampp\mysql\data\ibtmp1' size to 12 MB. Physically writing the file full; Please wait ...
2024-04-26 13:48:28 0 [Note] InnoDB: File 'C:\xampp\mysql\data\ibtmp1' size is now 12 MB.
2024-04-26 13:48:28 0 [Note] InnoDB: Waiting for purge to start
2024-04-26 13:48:28 0 [Note] InnoDB: 10.4.32 started; log sequence number 300297; transaction id 170
2024-04-26 13:48:28 0 [Note] Plugin 'FEEDBACK' is disabled.
2024-04-26 13:48:28 0 [Note] InnoDB: Loading buffer pool(s) from C:\xampp\mysql\data\ib_buffer_pool
2024-04-26 13:48:28 0 [Note] InnoDB: Buffer pool(s) load completed at 240426 13:48:28
2024-04-26 13:48:28 0 [Note] Server socket created on IP: '::'.
2024-04-26 13:48:28 0 [Note] Reading of all Master_info entries succeeded
2024-04-26 13:48:28 0 [Note] Added new Master_info '' to hash table
2024-04-26 13:48:28 0 [Note] C:\xampp\mysql\bin\mysqld.exe: ready for connections.
Version: '10.4.32-MariaDB'  socket: ''  port: 3306  mariadb.org binary distribution
2024-04-26 13:49:30 0 [Note] C:\xampp\mysql\bin\mysqld.exe (initiated by: unknown): Normal shutdown
2024-04-26 13:49:30 0 [Note] Event Scheduler: Purging the queue. 0 events
2024-04-26 13:49:30 0 [Note] InnoDB: FTS optimize thread exiting.
2024-04-26 13:49:30 0 [Note] InnoDB: Starting shutdown...
2024-04-26 13:49:30 0 [Note] InnoDB: Dumping buffer pool(s) to C:\xampp\mysql\data\ib_buffer_pool
2024-04-26 13:49:30 0 [Note] InnoDB: Instance 0, restricted to 250 pages due to innodb_buf_pool_dump_pct=25
2024-04-26 13:49:30 0 [Note] InnoDB: Buffer pool(s) dump completed at 240426 13:49:30
2024-04-26 13:49:31 0 [Note] InnoDB: Removed temporary tablespace data file: "ibtmp1"
2024-04-26 13:49:31 0 [Note] InnoDB: Shutdown completed; log sequence number 300952; transaction id 194
2024-04-26 13:49:31 0 [Note] C:\xampp\mysql\bin\mysqld.exe: Shutdown complete

2024-04-26 13:53:01 0 [Note] Starting MariaDB 10.4.32-MariaDB source revision c4143f909528e3fab0677a28631d10389354c491 as process 57760
2024-04-26 13:53:01 0 [Note] InnoDB: Mutexes and rw_locks use Windows interlocked functions
2024-04-26 13:53:01 0 [Note] InnoDB: Uses event mutexes
2024-04-26 13:53:01 0 [Note] InnoDB: Compressed tables use zlib 1.3
2024-04-26 13:53:01 0 [Note] InnoDB: Number of pools: 1
2024-04-26 13:53:01 0 [Note] InnoDB: Using SSE2 crc32 instructions
2024-04-26 13:53:01 0 [Note] InnoDB: Initializing buffer pool, total size = 16M, instances = 1, chunk size = 16M
2024-04-26 13:53:01 0 [Note] InnoDB: Completed initialization of buffer pool
2024-04-26 13:53:01 0 [Note] InnoDB: 128 out of 128 rollback segments are active.
2024-04-26 13:53:01 0 [Note] InnoDB: Creating shared tablespace for temporary tables
2024-04-26 13:53:01 0 [Note] InnoDB: Setting file 'C:\xampp\mysql\data\ibtmp1' size to 12 MB. Physically writing the file full; Please wait ...
2024-04-26 13:53:01 0 [Note] InnoDB: File 'C:\xampp\mysql\data\ibtmp1' size is now 12 MB.
2024-04-26 13:53:01 0 [Note] InnoDB: Waiting for purge to start
2024-04-26 13:53:01 0 [Note] InnoDB: 10.4.32 started; log sequence number 300952; transaction id 195
2024-04-26 13:53:01 0 [Note] Plugin 'FEEDBACK' is disabled.
2024-04-26 13:53:01 0 [Note] InnoDB: Loading buffer pool(s) from C:\xampp\mysql\data\ib_buffer_pool
2024-04-26 13:53:01 0 [Note] Server socket created on IP: '::'.
2024-04-26 13:53:01 0 [Note] Reading of all Master_info entries succeeded
2024-04-26 13:53:01 0 [Note] Added new Master_info '' to hash table
2024-04-26 13:53:01 0 [Note] C:\xampp\mysql\bin\mysqld.exe: ready for connections.
Version: '10.4.32-MariaDB'  socket: ''  port: 3306  mariadb.org binary distribution
2024-04-26 13:53:01 0 [Note] InnoDB: Buffer pool(s) load completed at 240426 13:53:01
2024-04-26 13:57:20 0 [Note] C:\xampp\mysql\bin\mysqld.exe (initiated by: unknown): Normal shutdown
2024-04-26 13:57:20 0 [Note] Event Scheduler: Purging the queue. 0 events
2024-04-26 13:57:20 0 [Note] InnoDB: FTS optimize thread exiting.
2024-04-26 13:57:20 0 [Note] InnoDB: Starting shutdown...
2024-04-26 13:57:20 0 [Note] InnoDB: Dumping buffer pool(s) to C:\xampp\mysql\data\ib_buffer_pool
2024-04-26 13:57:20 0 [Note] InnoDB: Instance 0, restricted to 250 pages due to innodb_buf_pool_dump_pct=25
2024-04-26 13:57:20 0 [Note] InnoDB: Buffer pool(s) dump completed at 240426 13:57:20
2024-04-26 13:57:21 0 [Note] InnoDB: Removed temporary tablespace data file: "ibtmp1"
2024-04-26 13:57:21 0 [Note] InnoDB: Shutdown completed; log sequence number 304514; transaction id 217
2024-04-26 13:57:21 0 [Note] C:\xampp\mysql\bin\mysqld.exe: Shutdown complete

2024-04-26 14:22:11 0 [Note] Starting MariaDB 10.4.32-MariaDB source revision c4143f909528e3fab0677a28631d10389354c491 as process 66052
2024-04-26 14:22:11 0 [Note] InnoDB: Mutexes and rw_locks use Windows interlocked functions
2024-04-26 14:22:11 0 [Note] InnoDB: Uses event mutexes
2024-04-26 14:22:11 0 [Note] InnoDB: Compressed tables use zlib 1.3
2024-04-26 14:22:11 0 [Note] InnoDB: Number of pools: 1
2024-04-26 14:22:11 0 [Note] InnoDB: Using SSE2 crc32 instructions
2024-04-26 14:22:11 0 [Note] InnoDB: Initializing buffer pool, total size = 16M, instances = 1, chunk size = 16M
2024-04-26 14:22:11 0 [Note] InnoDB: Completed initialization of buffer pool
2024-04-26 14:22:11 0 [Note] InnoDB: 128 out of 128 rollback segments are active.
2024-04-26 14:22:11 0 [Note] InnoDB: Creating shared tablespace for temporary tables
2024-04-26 14:22:11 0 [Note] InnoDB: Setting file 'C:\xampp\mysql\data\ibtmp1' size to 12 MB. Physically writing the file full; Please wait ...
2024-04-26 14:22:11 0 [Note] InnoDB: File 'C:\xampp\mysql\data\ibtmp1' size is now 12 MB.
2024-04-26 14:22:11 0 [Note] InnoDB: Waiting for purge to start
2024-04-26 14:22:11 0 [Note] InnoDB: 10.4.32 started; log sequence number 304514; transaction id 218
2024-04-26 14:22:11 0 [Note] InnoDB: Loading buffer pool(s) from C:\xampp\mysql\data\ib_buffer_pool
2024-04-26 14:22:11 0 [Note] Plugin 'FEEDBACK' is disabled.
2024-04-26 14:22:11 0 [Note] Server socket created on IP: '::'.
2024-04-26 14:22:11 0 [Note] InnoDB: Buffer pool(s) load completed at 240426 14:22:11
2024-04-26 14:22:11 0 [Note] Reading of all Master_info entries succeeded
2024-04-26 14:22:11 0 [Note] Added new Master_info '' to hash table
2024-04-26 14:22:11 0 [Note] C:\xampp\mysql\bin\mysqld.exe: ready for connections.
Version: '10.4.32-MariaDB'  socket: ''  port: 3306  mariadb.org binary distribution
2024-04-26 14:22:48 0 [Note] C:\xampp\mysql\bin\mysqld.exe (initiated by: unknown): Normal shutdown
2024-04-26 14:22:48 0 [Note] Event Scheduler: Purging the queue. 0 events
2024-04-26 14:22:48 0 [Note] InnoDB: FTS optimize thread exiting.
2024-04-26 14:22:49 0 [Note] InnoDB: Starting shutdown...
2024-04-26 14:22:49 0 [Note] InnoDB: Dumping buffer pool(s) to C:\xampp\mysql\data\ib_buffer_pool
2024-04-26 14:22:49 0 [Note] InnoDB: Instance 0, restricted to 250 pages due to innodb_buf_pool_dump_pct=25
2024-04-26 14:22:49 0 [Note] InnoDB: Buffer pool(s) dump completed at 240426 14:22:49
2024-04-26 14:22:49 0 [Note] InnoDB: Removed temporary tablespace data file: "ibtmp1"
2024-04-26 14:22:49 0 [Note] InnoDB: Shutdown completed; log sequence number 304840; transaction id 240
2024-04-26 14:22:49 0 [Note] C:\xampp\mysql\bin\mysqld.exe: Shutdown complete

2024-04-26 14:50:09 0 [Note] Starting MariaDB 10.4.32-MariaDB source revision c4143f909528e3fab0677a28631d10389354c491 as process 61356
2024-04-26 14:50:09 0 [Note] InnoDB: Mutexes and rw_locks use Windows interlocked functions
2024-04-26 14:50:09 0 [Note] InnoDB: Uses event mutexes
2024-04-26 14:50:09 0 [Note] InnoDB: Compressed tables use zlib 1.3
2024-04-26 14:50:09 0 [Note] InnoDB: Number of pools: 1
2024-04-26 14:50:09 0 [Note] InnoDB: Using SSE2 crc32 instructions
2024-04-26 14:50:09 0 [Note] InnoDB: Initializing buffer pool, total size = 16M, instances = 1, chunk size = 16M
2024-04-26 14:50:09 0 [Note] InnoDB: Completed initialization of buffer pool
2024-04-26 14:50:09 0 [Note] InnoDB: 128 out of 128 rollback segments are active.
2024-04-26 14:50:09 0 [Note] InnoDB: Creating shared tablespace for temporary tables
2024-04-26 14:50:09 0 [Note] InnoDB: Setting file 'C:\xampp\mysql\data\ibtmp1' size to 12 MB. Physically writing the file full; Please wait ...
2024-04-26 14:50:09 0 [Note] InnoDB: File 'C:\xampp\mysql\data\ibtmp1' size is now 12 MB.
2024-04-26 14:50:09 0 [Note] InnoDB: Waiting for purge to start
2024-04-26 14:50:09 0 [Note] InnoDB: 10.4.32 started; log sequence number 304840; transaction id 241
2024-04-26 14:50:09 0 [Note] Plugin 'FEEDBACK' is disabled.
2024-04-26 14:50:09 0 [Note] InnoDB: Loading buffer pool(s) from C:\xampp\mysql\data\ib_buffer_pool
2024-04-26 14:50:09 0 [Note] Server socket created on IP: '::'.
2024-04-26 14:50:09 0 [Note] InnoDB: Buffer pool(s) load completed at 240426 14:50:09
2024-04-26 14:50:09 0 [Note] Reading of all Master_info entries succeeded
2024-04-26 14:50:09 0 [Note] Added new Master_info '' to hash table
2024-04-26 14:50:09 0 [Note] C:\xampp\mysql\bin\mysqld.exe: ready for connections.
Version: '10.4.32-MariaDB'  socket: ''  port: 3306  mariadb.org binary distribution
2024-04-26 15:06:48 0 [Note] C:\xampp\mysql\bin\mysqld.exe (initiated by: unknown): Normal shutdown
2024-04-26 15:06:48 0 [Note] Event Scheduler: Purging the queue. 0 events
2024-04-26 15:06:48 0 [Note] InnoDB: FTS optimize thread exiting.
2024-04-26 15:06:48 0 [Note] InnoDB: Starting shutdown...
2024-04-26 15:06:48 0 [Note] InnoDB: Dumping buffer pool(s) to C:\xampp\mysql\data\ib_buffer_pool
2024-04-26 15:06:48 0 [Note] InnoDB: Instance 0, restricted to 250 pages due to innodb_buf_pool_dump_pct=25
2024-04-26 15:06:48 0 [Note] InnoDB: Buffer pool(s) dump completed at 240426 15:06:48
2024-04-26 15:06:49 0 [Note] InnoDB: Removed temporary tablespace data file: "ibtmp1"
2024-04-26 15:06:49 0 [Note] InnoDB: Shutdown completed; log sequence number 305182; transaction id 263
2024-04-26 15:06:49 0 [Note] C:\xampp\mysql\bin\mysqld.exe: Shutdown complete

2024-04-27 17:06:57 0 [Note] Starting MariaDB 10.4.32-MariaDB source revision c4143f909528e3fab0677a28631d10389354c491 as process 59264
2024-04-27 17:06:57 0 [Note] InnoDB: Mutexes and rw_locks use Windows interlocked functions
2024-04-27 17:06:57 0 [Note] InnoDB: Uses event mutexes
2024-04-27 17:06:57 0 [Note] InnoDB: Compressed tables use zlib 1.3
2024-04-27 17:06:57 0 [Note] InnoDB: Number of pools: 1
2024-04-27 17:06:57 0 [Note] InnoDB: Using SSE2 crc32 instructions
2024-04-27 17:06:57 0 [Note] InnoDB: Initializing buffer pool, total size = 16M, instances = 1, chunk size = 16M
2024-04-27 17:06:57 0 [Note] InnoDB: Completed initialization of buffer pool
2024-04-27 17:06:57 0 [Note] InnoDB: 128 out of 128 rollback segments are active.
2024-04-27 17:06:57 0 [Note] InnoDB: Creating shared tablespace for temporary tables
2024-04-27 17:06:57 0 [Note] InnoDB: Setting file 'C:\xampp\mysql\data\ibtmp1' size to 12 MB. Physically writing the file full; Please wait ...
2024-04-27 17:06:57 0 [Note] InnoDB: File 'C:\xampp\mysql\data\ibtmp1' size is now 12 MB.
2024-04-27 17:06:57 0 [Note] InnoDB: Waiting for purge to start
2024-04-27 17:06:57 0 [Note] InnoDB: 10.4.32 started; log sequence number 305182; transaction id 264
2024-04-27 17:06:57 0 [Note] Plugin 'FEEDBACK' is disabled.
2024-04-27 17:06:57 0 [Note] InnoDB: Loading buffer pool(s) from C:\xampp\mysql\data\ib_buffer_pool
2024-04-27 17:06:57 0 [Note] Server socket created on IP: '::'.
2024-04-27 17:06:57 0 [Note] InnoDB: Buffer pool(s) load completed at 240427 17:06:57
2024-04-27 17:06:57 0 [Note] Reading of all Master_info entries succeeded
2024-04-27 17:06:57 0 [Note] Added new Master_info '' to hash table
2024-04-27 17:06:57 0 [Note] C:\xampp\mysql\bin\mysqld.exe: ready for connections.
Version: '10.4.32-MariaDB'  socket: ''  port: 3306  mariadb.org binary distribution
2024-04-27 17:12:28 0 [Note] C:\xampp\mysql\bin\mysqld.exe (initiated by: unknown): Normal shutdown
2024-04-27 17:12:28 0 [Note] Event Scheduler: Purging the queue. 0 events
2024-04-27 17:12:28 0 [Note] InnoDB: FTS optimize thread exiting.
2024-04-27 17:12:28 0 [Note] InnoDB: Starting shutdown...
2024-04-27 17:12:28 0 [Note] InnoDB: Dumping buffer pool(s) to C:\xampp\mysql\data\ib_buffer_pool
2024-04-27 17:12:28 0 [Note] InnoDB: Instance 0, restricted to 250 pages due to innodb_buf_pool_dump_pct=25
2024-04-27 17:12:28 0 [Note] InnoDB: Buffer pool(s) dump completed at 240427 17:12:28
2024-04-27 17:12:28 0 [Note] InnoDB: Removed temporary tablespace data file: "ibtmp1"
2024-04-27 17:12:28 0 [Note] InnoDB: Shutdown completed; log sequence number 914807; transaction id 901
2024-04-27 17:12:28 0 [Note] C:\xampp\mysql\bin\mysqld.exe: Shutdown complete

